8/17/2023 2:19:26 PM,d:\s4\Spectral_20230817_00000.asd,GPGGA,071831.8,2116.940203,N,10516.406790,E,1,07,1.6,-0.9,M,-28.1,M,,*5D

8/17/2023 2:19:50 PM,d:\s4\Spectral_20230817_00001.asd,GPGGA,071855.4,2116.940203,N,10516.406790,E,2,09,0.9,-0.9,M,-28.1,M,,*50

8/17/2023 2:20:01 PM,d:\s4\Spectral_20230817_00002.asd,GPGGA,071906.7,2116.940135,N,10516.406843,E,2,09,0.9,-0.7,M,-28.1,M,,*5D

8/17/2023 2:20:38 PM,d:\s4\Spectral_20230817_00003.asd,GPGGA,071944.3,2116.940349,N,10516.406916,E,2,09,0.9,-0.7,M,-28.1,M,,*57

8/17/2023 2:33:15 PM,d:\s4\Spectral_20230817_00004.asd,GPGGA,073220.5,2117.037197,N,10516.466127,E,2,18,0.5,18.8,M,-28.1,M,,*48

8/17/2023 2:34:20 PM,d:\s4\Spectral_20230817_00005.asd,GPGGA,073326.2,2117.038100,N,10516.464065,E,2,18,0.5,20.2,M,-28.1,M,,*4D

8/17/2023 2:35:03 PM,d:\s4\Spectral_20230817_00006.asd,GPGGA,073409.0,2117.040437,N,10516.462982,E,2,18,0.5,21.5,M,-28.1,M,,*4B

8/17/2023 2:35:55 PM,d:\s4\Spectral_20230817_00007.asd,GPGGA,073500.8,2117.042928,N,10516.462652,E,2,19,0.5,22.2,M,-28.1,M,,*4D

8/17/2023 2:37:01 PM,d:\s4\Spectral_20230817_00008.asd,GPGGA,073607.3,2117.044853,N,10516.461220,E,2,19,0.5,22.6,M,-28.1,M,,*4F

8/17/2023 2:37:46 PM,d:\s4\Spectral_20230817_00009.asd,GPGGA,073651.5,2117.045314,N,10516.459617,E,2,19,0.5,22.5,M,-28.1,M,,*4B

8/17/2023 2:38:32 PM,d:\s4\Spectral_20230817_00010.asd,GPGGA,073738.2,2117.045572,N,10516.457754,E,2,19,0.5,22.2,M,-28.1,M,,*4B

8/17/2023 2:39:23 PM,d:\s4\Spectral_20230817_00011.asd,GPGGA,073828.8,2117.045894,N,10516.456556,E,2,18,0.5,22.1,M,-28.1,M,,*49

8/17/2023 2:40:02 PM,d:\s4\Spectral_20230817_00012.asd,GPGGA,073907.9,2117.047303,N,10516.455165,E,2,18,0.5,22.1,M,-28.1,M,,*44

8/17/2023 2:40:03 PM,d:\s4\Spectral_20230817_00013.asd,GPGGA,073909.1,2117.047303,N,10516.455165,E,2,18,0.5,22.1,M,-28.1,M,,*42

8/17/2023 2:40:49 PM,d:\s4\Spectral_20230817_00014.asd,GPGGA,073954.4,2117.051042,N,10516.453961,E,2,18,0.5,22.4,M,-28.1,M,,*41

8/17/2023 2:41:37 PM,d:\s4\Spectral_20230817_00015.asd,GPGGA,074043.0,2117.051893,N,10516.453723,E,2,18,0.5,22.1,M,-28.1,M,,*44

8/17/2023 2:42:19 PM,d:\s4\Spectral_20230817_00016.asd,GPGGA,074124.5,2117.052312,N,10516.451509,E,2,19,0.5,22.8,M,-28.1,M,,*40

8/17/2023 2:44:00 PM,d:\s4\Spectral_20230817_00017.asd,GPGGA,074306.1,2117.051524,N,10516.448489,E,2,18,0.5,23.5,M,-28.1,M,,*4A

8/17/2023 2:44:43 PM,d:\s4\Spectral_20230817_00018.asd,GPGGA,074348.3,2117.052682,N,10516.446697,E,2,19,0.5,24.8,M,-28.1,M,,*46

8/17/2023 2:45:21 PM,d:\s4\Spectral_20230817_00019.asd,GPGGA,074427.1,2117.055181,N,10516.446096,E,2,19,0.5,25.5,M,-28.1,M,,*42

8/17/2023 2:47:45 PM,d:\s4\Spectral_20230817_00020.asd,GPGGA,074651.1,2117.059669,N,10516.444145,E,2,19,0.5,25.3,M,-28.1,M,,*47

8/17/2023 2:48:41 PM,d:\s4\Spectral_20230817_00021.asd,GPGGA,074747.0,2117.060500,N,10516.444255,E,2,19,0.5,24.3,M,-28.1,M,,*45

8/17/2023 2:49:23 PM,d:\s4\Spectral_20230817_00022.asd,GPGGA,074828.5,2117.060604,N,10516.445530,E,2,19,0.5,23.3,M,-28.1,M,,*43

8/17/2023 2:50:09 PM,d:\s4\Spectral_20230817_00023.asd,GPGGA,074914.9,2117.061682,N,10516.448292,E,2,19,0.5,22.8,M,-28.1,M,,*46

8/17/2023 2:50:53 PM,d:\s4\Spectral_20230817_00024.asd,GPGGA,074959.2,2117.062032,N,10516.451557,E,2,18,0.6,21.4,M,-28.1,M,,*41

8/17/2023 2:51:40 PM,d:\s4\Spectral_20230817_00025.asd,GPGGA,075045.8,2117.060147,N,10516.452933,E,2,19,0.5,19.7,M,-28.1,M,,*48

8/17/2023 2:52:13 PM,d:\s4\Spectral_20230817_00026.asd,GPGGA,075119.0,2117.057865,N,10516.453562,E,2,18,0.6,19.1,M,-28.1,M,,*48

8/17/2023 2:52:51 PM,d:\s4\Spectral_20230817_00027.asd,GPGGA,075157.2,2117.057090,N,10516.454137,E,2,19,0.5,19.0,M,-28.1,M,,*42

8/17/2023 2:53:33 PM,d:\s4\Spectral_20230817_00028.asd,GPGGA,075238.9,2117.055973,N,10516.456112,E,2,19,0.5,18.9,M,-28.1,M,,*48

8/17/2023 2:54:06 PM,d:\s4\Spectral_20230817_00029.asd,GPGGA,075312.1,2117.055997,N,10516.458458,E,2,19,0.5,19.2,M,-28.1,M,,*4C

8/17/2023 2:54:40 PM,d:\s4\Spectral_20230817_00030.asd,GPGGA,075346.2,2117.055913,N,10516.461168,E,2,19,0.5,18.3,M,-28.1,M,,*4E

8/17/2023 2:55:21 PM,d:\s4\Spectral_20230817_00031.asd,GPGGA,075426.4,2117.054443,N,10516.462378,E,2,19,0.5,16.7,M,-28.1,M,,*4A

8/17/2023 2:55:56 PM,d:\s4\Spectral_20230817_00032.asd,GPGGA,075502.1,2117.053567,N,10516.463110,E,2,17,0.6,16.7,M,-28.1,M,,*48

8/17/2023 2:56:39 PM,d:\s4\Spectral_20230817_00033.asd,GPGGA,075544.8,2117.050343,N,10516.464361,E,2,19,0.5,16.6,M,-28.1,M,,*4F

8/17/2023 2:57:16 PM,d:\s4\Spectral_20230817_00034.asd,GPGGA,075622.3,2117.048865,N,10516.465650,E,2,18,0.6,17.1,M,-28.1,M,,*43

8/17/2023 2:57:52 PM,d:\s4\Spectral_20230817_00035.asd,GPGGA,075657.6,2117.047674,N,10516.468538,E,2,19,0.5,17.9,M,-28.1,M,,*4F

8/17/2023 2:59:10 PM,d:\s4\Spectral_20230817_00036.asd,GPGGA,075816.3,2117.048309,N,10516.471267,E,2,19,0.5,18.7,M,-28.1,M,,*45

8/17/2023 2:59:45 PM,d:\s4\Spectral_20230817_00037.asd,GPGGA,075850.5,2117.051104,N,10516.471314,E,2,19,0.5,20.1,M,-28.1,M,,*4E

8/17/2023 3:00:27 PM,d:\s4\Spectral_20230817_00038.asd,GPGGA,075933.3,2117.052345,N,10516.471882,E,2,19,0.5,20.6,M,-28.1,M,,*4B

8/17/2023 3:01:12 PM,d:\s4\Spectral_20230817_00039.asd,GPGGA,080017.9,2117.053970,N,10516.471605,E,2,19,0.5,20.7,M,-28.1,M,,*49

8/17/2023 3:01:56 PM,d:\s4\Spectral_20230817_00040.asd,GPGGA,080101.7,2117.054702,N,10516.470413,E,2,18,0.6,20.8,M,-28.1,M,,*44

8/17/2023 3:02:35 PM,d:\s4\Spectral_20230817_00041.asd,GPGGA,080140.8,2117.054884,N,10516.469897,E,2,19,0.5,20.9,M,-28.1,M,,*44

8/17/2023 3:03:07 PM,d:\s4\Spectral_20230817_00042.asd,GPGGA,080213.0,2117.055220,N,10516.467777,E,2,19,0.5,21.0,M,-28.1,M,,*4B

8/17/2023 3:03:45 PM,d:\s4\Spectral_20230817_00043.asd,GPGGA,080251.1,2117.056314,N,10516.467493,E,1,19,0.5,21.6,M,-28.1,M,,*45

8/17/2023 3:04:24 PM,d:\s4\Spectral_20230817_00044.asd,GPGGA,080329.9,2117.057089,N,10516.467300,E,1,19,0.5,22.6,M,-28.1,M,,*4B

8/17/2023 3:04:59 PM,d:\s4\Spectral_20230817_00045.asd,GPGGA,080404.8,2117.059090,N,10516.466731,E,1,19,0.5,23.5,M,-28.1,M,,*41

8/17/2023 3:05:43 PM,d:\s4\Spectral_20230817_00046.asd,GPGGA,080448.8,2117.060236,N,10516.465302,E,1,19,0.5,23.9,M,-28.1,M,,*46

8/17/2023 3:06:15 PM,d:\s4\Spectral_20230817_00047.asd,GPGGA,080521.0,2117.060731,N,10516.462715,E,1,19,0.5,24.1,M,-28.1,M,,*48

8/17/2023 3:06:53 PM,d:\s4\Spectral_20230817_00048.asd,GPGGA,080559.2,2117.061723,N,10516.458736,E,2,19,0.5,24.6,M,-28.1,M,,*4B

8/17/2023 3:07:28 PM,d:\s4\Spectral_20230817_00049.asd,GPGGA,080633.9,2117.063633,N,10516.457270,E,2,19,0.5,24.4,M,-28.1,M,,*47

8/17/2023 3:08:10 PM,d:\s4\Spectral_20230817_00050.asd,GPGGA,080715.7,2117.064633,N,10516.456816,E,2,18,0.6,24.6,M,-28.1,M,,*40

8/17/2023 3:22:53 PM,d:\s4\Spectral_20230817_00051.asd,GPS data not available.

8/17/2023 3:23:36 PM,d:\s4\Spectral_20230817_00052.asd,GPS data not available.

8/17/2023 3:24:07 PM,d:\s4\Spectral_20230817_00053.asd,GPS data not available.

8/17/2023 3:25:53 PM,d:\s4\Spectral_20230817_00054.asd,GPS data not available.

8/17/2023 3:26:27 PM,d:\s4\Spectral_20230817_00055.asd,GPS data not available.

8/17/2023 3:26:57 PM,d:\s4\Spectral_20230817_00056.asd,GPS data not available.

8/17/2023 3:27:33 PM,d:\s4\Spectral_20230817_00057.asd,GPS data not available.

8/17/2023 3:28:04 PM,d:\s4\Spectral_20230817_00058.asd,GPS data not available.

8/17/2023 3:28:42 PM,d:\s4\Spectral_20230817_00059.asd,GPS data not available.

8/17/2023 3:29:27 PM,d:\s4\Spectral_20230817_00060.asd,GPS data not available.

8/17/2023 3:29:59 PM,d:\s4\Spectral_20230817_00061.asd,GPS data not available.

8/17/2023 3:30:29 PM,d:\s4\Spectral_20230817_00062.asd,GPS data not available.

8/17/2023 3:31:01 PM,d:\s4\Spectral_20230817_00063.asd,GPS data not available.

8/17/2023 3:31:36 PM,d:\s4\Spectral_20230817_00064.asd,GPS data not available.

8/17/2023 3:32:03 PM,d:\s4\Spectral_20230817_00065.asd,GPS data not available.

8/17/2023 3:32:40 PM,d:\s4\Spectral_20230817_00066.asd,GPS data not available.

8/17/2023 3:33:20 PM,d:\s4\Spectral_20230817_00067.asd,GPS data not available.

8/17/2023 3:34:15 PM,d:\s4\Spectral_20230817_00068.asd,GPS data not available.

8/17/2023 3:36:03 PM,d:\s4\Spectral_20230817_00069.asd,GPS data not available.

8/17/2023 3:36:44 PM,d:\s4\Spectral_20230817_00070.asd,GPS data not available.

8/17/2023 3:37:23 PM,d:\s4\Spectral_20230817_00071.asd,GPS data not available.

8/17/2023 3:38:24 PM,d:\s4\Spectral_20230817_00072.asd,GPS data not available.

8/17/2023 3:38:57 PM,d:\s4\Spectral_20230817_00073.asd,GPS data not available.

8/17/2023 3:39:32 PM,d:\s4\Spectral_20230817_00074.asd,GPS data not available.

8/17/2023 3:40:07 PM,d:\s4\Spectral_20230817_00075.asd,GPS data not available.

8/17/2023 3:40:39 PM,d:\s4\Spectral_20230817_00076.asd,GPS data not available.

8/17/2023 3:41:11 PM,d:\s4\Spectral_20230817_00077.asd,GPS data not available.

8/17/2023 3:41:51 PM,d:\s4\Spectral_20230817_00078.asd,GPS data not available.

8/17/2023 3:42:27 PM,d:\s4\Spectral_20230817_00079.asd,GPS data not available.

8/17/2023 3:43:01 PM,d:\s4\Spectral_20230817_00080.asd,GPS data not available.

8/17/2023 3:49:34 PM,d:\s4\Spectral_20230817_00081.asd,GPS data not available.

8/17/2023 4:15:11 PM,d:\s4\Spectral_20230817_00082.asd,GPS data not available.

8/17/2023 4:15:43 PM,d:\s4\Spectral_20230817_00083.asd,GPS data not available.

8/17/2023 4:16:11 PM,d:\s4\Spectral_20230817_00084.asd,GPS data not available.

8/17/2023 4:16:41 PM,d:\s4\Spectral_20230817_00085.asd,GPS data not available.

8/17/2023 4:17:11 PM,d:\s4\Spectral_20230817_00086.asd,GPS data not available.

8/17/2023 4:17:40 PM,d:\s4\Spectral_20230817_00087.asd,GPS data not available.

8/17/2023 4:18:14 PM,d:\s4\Spectral_20230817_00088.asd,GPS data not available.

8/17/2023 4:18:46 PM,d:\s4\Spectral_20230817_00089.asd,GPS data not available.

8/17/2023 4:19:13 PM,d:\s4\Spectral_20230817_00090.asd,GPS data not available.

8/17/2023 4:19:56 PM,d:\s4\Spectral_20230817_00091.asd,GPS data not available.

8/17/2023 4:20:28 PM,d:\s4\Spectral_20230817_00092.asd,GPS data not available.

8/17/2023 4:21:00 PM,d:\s4\Spectral_20230817_00093.asd,GPS data not available.

8/17/2023 4:21:37 PM,d:\s4\Spectral_20230817_00094.asd,GPS data not available.

8/17/2023 4:22:13 PM,d:\s4\Spectral_20230817_00095.asd,GPS data not available.

8/17/2023 4:22:48 PM,d:\s4\Spectral_20230817_00096.asd,GPS data not available.

8/17/2023 4:23:38 PM,d:\s4\Spectral_20230817_00097.asd,GPS data not available.

8/17/2023 4:24:11 PM,d:\s4\Spectral_20230817_00098.asd,GPS data not available.

8/17/2023 4:24:41 PM,d:\s4\Spectral_20230817_00099.asd,GPS data not available.

8/17/2023 4:25:21 PM,d:\s4\Spectral_20230817_00100.asd,GPS data not available.

8/17/2023 4:25:48 PM,d:\s4\Spectral_20230817_00101.asd,GPS data not available.

8/17/2023 4:26:16 PM,d:\s4\Spectral_20230817_00102.asd,GPS data not available.

8/17/2023 4:26:55 PM,d:\s4\Spectral_20230817_00103.asd,GPS data not available.

8/17/2023 4:27:34 PM,d:\s4\Spectral_20230817_00104.asd,GPS data not available.

8/17/2023 4:28:05 PM,d:\s4\Spectral_20230817_00105.asd,GPS data not available.

8/17/2023 4:28:42 PM,d:\s4\Spectral_20230817_00106.asd,GPS data not available.

8/17/2023 4:29:19 PM,d:\s4\Spectral_20230817_00107.asd,GPS data not available.

8/17/2023 4:29:47 PM,d:\s4\Spectral_20230817_00108.asd,GPS data not available.

8/17/2023 4:30:29 PM,d:\s4\Spectral_20230817_00109.asd,GPS data not available.

8/17/2023 4:31:09 PM,d:\s4\Spectral_20230817_00110.asd,GPS data not available.

8/17/2023 4:31:41 PM,d:\s4\Spectral_20230817_00111.asd,GPS data not available.

8/17/2023 4:35:40 PM,d:\s4\Spectral_20230817_00112.asd,GPS data not available.

8/17/2023 4:37:07 PM,d:\s4\Spectral_20230817_00113.asd,GPS data not available.

8/17/2023 4:37:50 PM,d:\s4\Spectral_20230817_00114.asd,GPS data not available.

8/17/2023 4:38:19 PM,d:\s4\Spectral_20230817_00115.asd,GPS data not available.

8/17/2023 4:39:05 PM,d:\s4\Spectral_20230817_00116.asd,GPS data not available.

8/17/2023 4:39:44 PM,d:\s4\Spectral_20230817_00117.asd,GPS data not available.

8/17/2023 4:40:23 PM,d:\s4\Spectral_20230817_00118.asd,GPS data not available.

8/17/2023 4:41:02 PM,d:\s4\Spectral_20230817_00119.asd,GPS data not available.

8/17/2023 4:41:48 PM,d:\s4\Spectral_20230817_00120.asd,GPS data not available.

8/17/2023 4:42:17 PM,d:\s4\Spectral_20230817_00121.asd,GPS data not available.

8/17/2023 4:43:03 PM,d:\s4\Spectral_20230817_00122.asd,GPS data not available.

8/17/2023 4:43:34 PM,d:\s4\Spectral_20230817_00123.asd,GPS data not available.

8/17/2023 4:44:07 PM,d:\s4\Spectral_20230817_00124.asd,GPS data not available.

8/17/2023 4:44:44 PM,d:\s4\Spectral_20230817_00125.asd,GPS data not available.

8/17/2023 4:45:15 PM,d:\s4\Spectral_20230817_00126.asd,GPS data not available.

8/17/2023 4:45:54 PM,d:\s4\Spectral_20230817_00127.asd,GPS data not available.

8/17/2023 4:47:01 PM,d:\s4\Spectral_20230817_00128.asd,GPS data not available.

8/17/2023 4:49:53 PM,d:\s4\Spectral_20230817_00129.asd,GPS data not available.

8/17/2023 4:50:28 PM,d:\s4\Spectral_20230817_00130.asd,GPS data not available.

8/17/2023 4:51:07 PM,d:\s4\Spectral_20230817_00131.asd,GPS data not available.

8/17/2023 4:51:45 PM,d:\s4\Spectral_20230817_00132.asd,GPS data not available.

8/17/2023 4:52:17 PM,d:\s4\Spectral_20230817_00133.asd,GPS data not available.

8/17/2023 4:53:06 PM,d:\s4\Spectral_20230817_00134.asd,GPS data not available.

8/17/2023 4:53:43 PM,d:\s4\Spectral_20230817_00135.asd,GPS data not available.

8/17/2023 4:54:16 PM,d:\s4\Spectral_20230817_00136.asd,GPS data not available.

8/17/2023 4:54:47 PM,d:\s4\Spectral_20230817_00137.asd,GPS data not available.

8/17/2023 4:55:50 PM,d:\s4\Spectral_20230817_00138.asd,GPS data not available.

8/17/2023 4:55:56 PM,d:\s4\Spectral_20230817_00139.asd,GPS data not available.

